<?xml version="1.0" encoding="UTF-8"?>
<testng-results skipped="0" failed="0" total="1" passed="1">
  <reporter-output>
  </reporter-output>
  <suite name="Suite" duration-ms="6612" started-at="2018-04-17T11:28:38Z" finished-at="2018-04-17T11:28:44Z">
    <groups>
    </groups>
    <test name="Test" duration-ms="6612" started-at="2018-04-17T11:28:38Z" finished-at="2018-04-17T11:28:44Z">
      <class name="website.openpage">
        <test-method status="PASS" signature="beforeSuite()[pri:0, instance:website.openpage@13b6d03]" name="beforeSuite" is-config="true" duration-ms="22" started-at="2018-04-17T16:58:38Z" finished-at="2018-04-17T16:58:38Z">
          <reporter-output>
          </reporter-output>
        </test-method> <!-- beforeSuite -->
        <test-method status="PASS" signature="beforeTest()[pri:0, instance:website.openpage@13b6d03]" name="beforeTest" is-config="true" duration-ms="0" started-at="2018-04-17T16:58:38Z" finished-at="2018-04-17T16:58:38Z">
          <reporter-output>
          </reporter-output>
        </test-method> <!-- beforeTest -->
        <test-method status="PASS" signature="beforeClass()[pri:0, instance:website.openpage@13b6d03]" name="beforeClass" is-config="true" duration-ms="3367" started-at="2018-04-17T16:58:38Z" finished-at="2018-04-17T16:58:41Z">
          <reporter-output>
          </reporter-output>
        </test-method> <!-- beforeClass -->
        <test-method status="PASS" signature="categoryT()[pri:0, instance:website.openpage@13b6d03]" name="categoryT" duration-ms="3202" started-at="2018-04-17T16:58:41Z" finished-at="2018-04-17T16:58:44Z">
          <reporter-output>
          </reporter-output>
        </test-method> <!-- categoryT -->
        <test-method status="PASS" signature="beforeMethod()[pri:0, instance:website.openpage@13b6d03]" name="beforeMethod" is-config="true" duration-ms="0" started-at="2018-04-17T16:58:41Z" finished-at="2018-04-17T16:58:41Z">
          <reporter-output>
          </reporter-output>
        </test-method> <!-- beforeMethod -->
        <test-method status="PASS" signature="afterClass()[pri:0, instance:website.openpage@13b6d03]" name="afterClass" is-config="true" duration-ms="35" started-at="2018-04-17T16:58:44Z" finished-at="2018-04-17T16:58:44Z">
          <reporter-output>
          </reporter-output>
        </test-method> <!-- afterClass -->
        <test-method status="PASS" signature="afterMethod()[pri:0, instance:website.openpage@13b6d03]" name="afterMethod" is-config="true" duration-ms="0" started-at="2018-04-17T16:58:44Z" finished-at="2018-04-17T16:58:44Z">
          <reporter-output>
          </reporter-output>
        </test-method> <!-- afterMethod -->
        <test-method status="PASS" signature="afterTest()[pri:0, instance:website.openpage@13b6d03]" name="afterTest" is-config="true" duration-ms="0" started-at="2018-04-17T16:58:44Z" finished-at="2018-04-17T16:58:44Z">
          <reporter-output>
          </reporter-output>
        </test-method> <!-- afterTest -->
        <test-method status="PASS" signature="afterSuite()[pri:0, instance:website.openpage@13b6d03]" name="afterSuite" is-config="true" duration-ms="0" started-at="2018-04-17T16:58:44Z" finished-at="2018-04-17T16:58:44Z">
          <reporter-output>
          </reporter-output>
        </test-method> <!-- afterSuite -->
      </class> <!-- website.openpage -->
    </test> <!-- Test -->
  </suite> <!-- Suite -->
</testng-results>
